<?xml version="1.0" encoding="UTF-8"?>
<testng-results skipped="0" failed="0" ignored="0" total="1" passed="1">
  <reporter-output>
  </reporter-output>
  <suite name="Default suite" duration-ms="13046" started-at="2018-10-29T01:10:28Z" finished-at="2018-10-29T01:10:41Z">
    <groups>
    </groups>
    <test name="Default test" duration-ms="13046" started-at="2018-10-29T01:10:28Z" finished-at="2018-10-29T01:10:41Z">
      <class name="com.ttech.alamqa.Disney">
        <test-method status="PASS" signature="DisneyWorldClass()[pri:0, instance:com.ttech.alamqa.Disney@69379752]" name="DisneyWorldClass" duration-ms="13025" started-at="2018-10-29T01:10:28Z" finished-at="2018-10-29T01:10:41Z">
          <reporter-output>
          </reporter-output>
        </test-method> <!-- DisneyWorldClass -->
      </class> <!-- com.ttech.alamqa.Disney -->
    </test> <!-- Default test -->
  </suite> <!-- Default suite -->
</testng-results>
